2022/11/01 05:39:22 [emerg] 1#1: unexpected end of file, expecting "}" in /etc/nginx/nginx.conf:30
2022/11/01 05:42:28 [notice] 1#1: using the "epoll" event method
2022/11/01 05:42:28 [notice] 1#1: nginx/1.23.2
2022/11/01 05:42:28 [notice] 1#1: built by gcc 10.2.1 20210110 (Debian 10.2.1-6) 
2022/11/01 05:42:28 [notice] 1#1: OS: Linux 5.10.47-linuxkit
2022/11/01 05:42:28 [notice] 1#1: getrlimit(RLIMIT_NOFILE): 1048576:1048576
2022/11/01 05:42:28 [notice] 1#1: start worker processes
2022/11/01 05:42:28 [notice] 1#1: start worker process 29
2022/11/01 05:42:28 [notice] 1#1: start worker process 30
2022/11/01 05:42:28 [notice] 1#1: start worker process 31
2022/11/01 05:42:28 [notice] 1#1: start worker process 32
2022/11/01 05:48:56 [notice] 1#1: signal 3 (SIGQUIT) received, shutting down
2022/11/01 05:48:56 [notice] 30#30: gracefully shutting down
2022/11/01 05:48:56 [notice] 29#29: gracefully shutting down
2022/11/01 05:48:56 [notice] 29#29: exiting
2022/11/01 05:48:56 [notice] 31#31: gracefully shutting down
2022/11/01 05:48:56 [notice] 31#31: exiting
2022/11/01 05:48:56 [notice] 32#32: gracefully shutting down
2022/11/01 05:48:56 [notice] 29#29: exit
2022/11/01 05:48:56 [notice] 31#31: exit
2022/11/01 05:48:56 [notice] 32#32: exiting
2022/11/01 05:48:56 [notice] 32#32: exit
2022/11/01 05:48:56 [notice] 1#1: signal 17 (SIGCHLD) received from 29
2022/11/01 05:48:56 [notice] 1#1: worker process 29 exited with code 0
2022/11/01 05:48:56 [notice] 1#1: signal 29 (SIGIO) received
2022/11/01 05:48:56 [notice] 1#1: signal 17 (SIGCHLD) received from 31
2022/11/01 05:48:56 [notice] 1#1: worker process 31 exited with code 0
2022/11/01 05:48:56 [notice] 1#1: signal 29 (SIGIO) received
2022/11/01 05:48:56 [notice] 1#1: signal 17 (SIGCHLD) received from 32
2022/11/01 05:48:56 [notice] 1#1: worker process 32 exited with code 0
2022/11/01 05:48:56 [notice] 1#1: signal 29 (SIGIO) received
2022/11/01 05:49:18 [notice] 1#1: using the "epoll" event method
2022/11/01 05:49:18 [notice] 1#1: nginx/1.23.2
2022/11/01 05:49:18 [notice] 1#1: built by gcc 10.2.1 20210110 (Debian 10.2.1-6) 
2022/11/01 05:49:18 [notice] 1#1: OS: Linux 5.10.47-linuxkit
2022/11/01 05:49:18 [notice] 1#1: getrlimit(RLIMIT_NOFILE): 1048576:1048576
2022/11/01 05:49:18 [notice] 1#1: start worker processes
2022/11/01 05:49:18 [notice] 1#1: start worker process 28
2022/11/01 05:49:18 [notice] 1#1: start worker process 29
2022/11/01 05:49:18 [notice] 1#1: start worker process 30
2022/11/01 05:49:18 [notice] 1#1: start worker process 31
2022/11/01 05:50:38 [notice] 1#1: signal 3 (SIGQUIT) received, shutting down
2022/11/01 05:50:38 [notice] 31#31: gracefully shutting down
2022/11/01 05:50:38 [notice] 31#31: exiting
2022/11/01 05:50:38 [notice] 30#30: gracefully shutting down
2022/11/01 05:50:38 [notice] 29#29: gracefully shutting down
2022/11/01 05:50:38 [notice] 28#28: gracefully shutting down
2022/11/01 05:50:38 [notice] 31#31: exit
2022/11/01 05:50:38 [notice] 30#30: exiting
2022/11/01 05:50:38 [notice] 29#29: exiting
2022/11/01 05:50:38 [notice] 28#28: exiting
2022/11/01 05:50:38 [notice] 28#28: exit
2022/11/01 05:50:38 [notice] 30#30: exit
2022/11/01 05:50:38 [notice] 29#29: exit
2022/11/01 05:50:38 [notice] 1#1: signal 17 (SIGCHLD) received from 31
2022/11/01 05:50:38 [notice] 1#1: worker process 31 exited with code 0
2022/11/01 05:50:38 [notice] 1#1: signal 29 (SIGIO) received
2022/11/01 05:50:38 [notice] 1#1: signal 17 (SIGCHLD) received from 28
2022/11/01 05:50:38 [notice] 1#1: worker process 28 exited with code 0
2022/11/01 05:50:38 [notice] 1#1: signal 29 (SIGIO) received
2022/11/01 05:50:38 [notice] 1#1: signal 17 (SIGCHLD) received from 29
2022/11/01 05:50:38 [notice] 1#1: worker process 29 exited with code 0
2022/11/01 05:50:38 [notice] 1#1: signal 29 (SIGIO) received
2022/11/01 05:50:38 [notice] 1#1: signal 17 (SIGCHLD) received from 30
2022/11/01 05:50:38 [notice] 1#1: worker process 30 exited with code 0
2022/11/01 05:50:38 [notice] 1#1: exit
2022/11/01 05:50:51 [notice] 1#1: using the "epoll" event method
2022/11/01 05:50:51 [notice] 1#1: nginx/1.23.2
2022/11/01 05:50:51 [notice] 1#1: built by gcc 10.2.1 20210110 (Debian 10.2.1-6) 
2022/11/01 05:50:51 [notice] 1#1: OS: Linux 5.10.47-linuxkit
2022/11/01 05:50:51 [notice] 1#1: getrlimit(RLIMIT_NOFILE): 1048576:1048576
2022/11/01 05:50:51 [notice] 1#1: start worker processes
2022/11/01 05:50:51 [notice] 1#1: start worker process 29
2022/11/01 05:50:51 [notice] 1#1: start worker process 30
2022/11/01 05:50:51 [notice] 1#1: start worker process 31
2022/11/01 05:50:51 [notice] 1#1: start worker process 32
2022/11/01 05:51:52 [notice] 1#1: signal 3 (SIGQUIT) received, shutting down
2022/11/01 05:51:52 [notice] 29#29: gracefully shutting down
2022/11/01 05:51:52 [notice] 30#30: gracefully shutting down
2022/11/01 05:51:52 [notice] 32#32: gracefully shutting down
2022/11/01 05:51:52 [notice] 31#31: gracefully shutting down
2022/11/01 05:51:52 [notice] 30#30: exiting
2022/11/01 05:51:52 [notice] 32#32: exiting
2022/11/01 05:51:52 [notice] 31#31: exiting
2022/11/01 05:51:52 [notice] 30#30: exit
2022/11/01 05:51:52 [notice] 32#32: exit
2022/11/01 05:51:52 [notice] 31#31: exit
2022/11/01 05:51:52 [notice] 1#1: signal 17 (SIGCHLD) received from 32
2022/11/01 05:51:52 [notice] 1#1: worker process 30 exited with code 0
2022/11/01 05:51:52 [notice] 1#1: worker process 32 exited with code 0
2022/11/01 05:51:52 [notice] 1#1: signal 29 (SIGIO) received
2022/11/01 05:51:52 [notice] 1#1: signal 17 (SIGCHLD) received from 31
2022/11/01 05:51:52 [notice] 1#1: worker process 31 exited with code 0
2022/11/01 05:51:52 [notice] 1#1: signal 29 (SIGIO) received
2022/11/01 05:52:04 [notice] 1#1: using the "epoll" event method
2022/11/01 05:52:04 [notice] 1#1: nginx/1.23.2
2022/11/01 05:52:04 [notice] 1#1: built by gcc 10.2.1 20210110 (Debian 10.2.1-6) 
2022/11/01 05:52:04 [notice] 1#1: OS: Linux 5.10.47-linuxkit
2022/11/01 05:52:04 [notice] 1#1: getrlimit(RLIMIT_NOFILE): 1048576:1048576
2022/11/01 05:52:04 [notice] 1#1: start worker processes
2022/11/01 05:52:04 [notice] 1#1: start worker process 28
2022/11/01 05:52:04 [notice] 1#1: start worker process 29
2022/11/01 05:52:04 [notice] 1#1: start worker process 30
2022/11/01 05:52:04 [notice] 1#1: start worker process 31
2022/11/01 05:56:04 [notice] 1#1: signal 3 (SIGQUIT) received, shutting down
2022/11/01 05:56:04 [notice] 28#28: gracefully shutting down
2022/11/01 05:56:04 [notice] 29#29: gracefully shutting down
2022/11/01 05:56:04 [notice] 31#31: gracefully shutting down
2022/11/01 05:56:04 [notice] 31#31: exiting
2022/11/01 05:56:04 [notice] 30#30: gracefully shutting down
2022/11/01 05:56:04 [notice] 28#28: exiting
2022/11/01 05:56:04 [notice] 29#29: exiting
2022/11/01 05:56:04 [notice] 29#29: exit
2022/11/01 05:56:04 [notice] 31#31: exit
2022/11/01 05:56:04 [notice] 30#30: exiting
2022/11/01 05:56:04 [notice] 28#28: exit
2022/11/01 05:56:04 [notice] 30#30: exit
2022/11/01 05:56:04 [notice] 1#1: signal 17 (SIGCHLD) received from 29
2022/11/01 05:56:04 [notice] 1#1: worker process 29 exited with code 0
2022/11/01 05:56:04 [notice] 1#1: worker process 31 exited with code 0
2022/11/01 05:56:04 [notice] 1#1: signal 29 (SIGIO) received
2022/11/01 05:56:04 [notice] 1#1: signal 17 (SIGCHLD) received from 28
2022/11/01 05:56:04 [notice] 1#1: worker process 28 exited with code 0
2022/11/01 05:56:04 [notice] 1#1: worker process 30 exited with code 0
2022/11/01 05:56:04 [notice] 1#1: exit
2022/11/01 05:56:06 [notice] 1#1: using the "epoll" event method
2022/11/01 05:56:06 [notice] 1#1: nginx/1.23.2
2022/11/01 05:56:06 [notice] 1#1: built by gcc 10.2.1 20210110 (Debian 10.2.1-6) 
2022/11/01 05:56:06 [notice] 1#1: OS: Linux 5.10.47-linuxkit
2022/11/01 05:56:06 [notice] 1#1: getrlimit(RLIMIT_NOFILE): 1048576:1048576
2022/11/01 05:56:06 [notice] 1#1: start worker processes
2022/11/01 05:56:06 [notice] 1#1: start worker process 29
2022/11/01 05:56:06 [notice] 1#1: start worker process 30
2022/11/01 05:56:06 [notice] 1#1: start worker process 31
2022/11/01 05:56:06 [notice] 1#1: start worker process 32
2022/11/01 05:58:31 [notice] 1#1: signal 3 (SIGQUIT) received, shutting down
2022/11/01 05:58:31 [notice] 29#29: gracefully shutting down
2022/11/01 05:58:31 [notice] 30#30: gracefully shutting down
2022/11/01 05:58:31 [notice] 30#30: exiting
2022/11/01 05:58:31 [notice] 31#31: gracefully shutting down
2022/11/01 05:58:31 [notice] 31#31: exiting
2022/11/01 05:58:31 [notice] 32#32: gracefully shutting down
2022/11/01 05:58:31 [notice] 29#29: exiting
2022/11/01 05:58:31 [notice] 29#29: exit
2022/11/01 05:58:31 [notice] 30#30: exit
2022/11/01 05:58:31 [notice] 31#31: exit
2022/11/01 05:58:31 [notice] 32#32: exiting
2022/11/01 05:58:31 [notice] 32#32: exit
2022/11/01 05:58:31 [notice] 1#1: signal 17 (SIGCHLD) received from 29
2022/11/01 05:58:31 [notice] 1#1: worker process 29 exited with code 0
2022/11/01 05:58:31 [notice] 1#1: worker process 30 exited with code 0
2022/11/01 05:58:31 [notice] 1#1: signal 29 (SIGIO) received
2022/11/01 05:58:31 [notice] 1#1: signal 17 (SIGCHLD) received from 31
2022/11/01 05:58:31 [notice] 1#1: worker process 31 exited with code 0
2022/11/01 05:58:31 [notice] 1#1: signal 29 (SIGIO) received
2022/11/01 05:58:31 [notice] 1#1: signal 17 (SIGCHLD) received from 32
2022/11/01 05:58:31 [notice] 1#1: worker process 32 exited with code 0
2022/11/01 05:58:31 [notice] 1#1: exit
2022/11/01 05:58:49 [notice] 1#1: using the "epoll" event method
2022/11/01 05:58:49 [notice] 1#1: nginx/1.23.2
2022/11/01 05:58:49 [notice] 1#1: built by gcc 10.2.1 20210110 (Debian 10.2.1-6) 
2022/11/01 05:58:49 [notice] 1#1: OS: Linux 5.10.47-linuxkit
2022/11/01 05:58:49 [notice] 1#1: getrlimit(RLIMIT_NOFILE): 1048576:1048576
2022/11/01 05:58:49 [notice] 1#1: start worker processes
2022/11/01 05:58:49 [notice] 1#1: start worker process 30
2022/11/01 05:58:49 [notice] 1#1: start worker process 31
2022/11/01 05:58:49 [notice] 1#1: start worker process 32
2022/11/01 05:58:49 [notice] 1#1: start worker process 33
2022/11/01 06:01:51 [notice] 1#1: signal 3 (SIGQUIT) received, shutting down
2022/11/01 06:01:51 [notice] 31#31: gracefully shutting down
2022/11/01 06:01:51 [notice] 30#30: gracefully shutting down
2022/11/01 06:01:51 [notice] 30#30: exiting
2022/11/01 06:01:51 [notice] 33#33: gracefully shutting down
2022/11/01 06:01:51 [notice] 33#33: exiting
2022/11/01 06:01:51 [notice] 32#32: gracefully shutting down
2022/11/01 06:01:51 [notice] 32#32: exiting
2022/11/01 06:01:51 [notice] 31#31: exiting
2022/11/01 06:01:51 [notice] 30#30: exit
2022/11/01 06:01:51 [notice] 33#33: exit
2022/11/01 06:01:51 [notice] 32#32: exit
2022/11/01 06:01:51 [notice] 31#31: exit
2022/11/01 06:01:52 [notice] 1#1: signal 17 (SIGCHLD) received from 30
2022/11/01 06:01:52 [notice] 1#1: worker process 30 exited with code 0
2022/11/01 06:01:52 [notice] 1#1: signal 29 (SIGIO) received
2022/11/01 06:01:52 [notice] 1#1: signal 17 (SIGCHLD) received from 33
2022/11/01 06:01:52 [notice] 1#1: worker process 32 exited with code 0
2022/11/01 06:01:52 [notice] 1#1: worker process 33 exited with code 0
2022/11/01 06:01:52 [notice] 1#1: signal 17 (SIGCHLD) received from 31
2022/11/01 06:01:52 [notice] 1#1: worker process 31 exited with code 0
2022/11/01 06:01:52 [notice] 1#1: signal 29 (SIGIO) received
2022/11/01 06:01:52 [notice] 1#1: exit
2022/11/01 06:05:34 [notice] 1#1: using the "epoll" event method
2022/11/01 06:05:34 [notice] 1#1: nginx/1.23.2
2022/11/01 06:05:34 [notice] 1#1: built by gcc 10.2.1 20210110 (Debian 10.2.1-6) 
2022/11/01 06:05:34 [notice] 1#1: OS: Linux 5.10.47-linuxkit
2022/11/01 06:05:34 [notice] 1#1: getrlimit(RLIMIT_NOFILE): 1048576:1048576
2022/11/01 06:05:34 [notice] 1#1: start worker processes
2022/11/01 06:05:34 [notice] 1#1: start worker process 28
2022/11/01 06:05:34 [notice] 1#1: start worker process 29
2022/11/01 06:05:34 [notice] 1#1: start worker process 30
2022/11/01 06:05:34 [notice] 1#1: start worker process 31
2022/11/01 06:06:38 [notice] 1#1: signal 3 (SIGQUIT) received, shutting down
2022/11/01 06:06:38 [notice] 28#28: gracefully shutting down
2022/11/01 06:06:38 [notice] 29#29: gracefully shutting down
2022/11/01 06:06:38 [notice] 30#30: gracefully shutting down
2022/11/01 06:06:38 [notice] 30#30: exiting
2022/11/01 06:06:38 [notice] 31#31: gracefully shutting down
2022/11/01 06:06:38 [notice] 31#31: exiting
2022/11/01 06:06:38 [notice] 29#29: exiting
2022/11/01 06:06:38 [notice] 30#30: exit
2022/11/01 06:06:38 [notice] 31#31: exit
2022/11/01 06:06:38 [notice] 29#29: exit
2022/11/01 06:06:38 [notice] 1#1: signal 17 (SIGCHLD) received from 30
2022/11/01 06:06:38 [notice] 1#1: worker process 30 exited with code 0
2022/11/01 06:06:38 [notice] 1#1: signal 29 (SIGIO) received
2022/11/01 06:06:38 [notice] 1#1: signal 17 (SIGCHLD) received from 29
2022/11/01 06:06:38 [notice] 1#1: worker process 29 exited with code 0
2022/11/01 06:06:38 [notice] 1#1: signal 29 (SIGIO) received
2022/11/01 06:06:38 [notice] 1#1: signal 17 (SIGCHLD) received from 31
2022/11/01 06:06:38 [notice] 1#1: worker process 31 exited with code 0
2022/11/01 06:06:38 [notice] 1#1: signal 29 (SIGIO) received
2022/11/01 06:07:01 [notice] 1#1: using the "epoll" event method
2022/11/01 06:07:01 [notice] 1#1: nginx/1.23.2
2022/11/01 06:07:01 [notice] 1#1: built by gcc 10.2.1 20210110 (Debian 10.2.1-6) 
2022/11/01 06:07:01 [notice] 1#1: OS: Linux 5.10.47-linuxkit
2022/11/01 06:07:01 [notice] 1#1: getrlimit(RLIMIT_NOFILE): 1048576:1048576
2022/11/01 06:07:01 [notice] 1#1: start worker processes
2022/11/01 06:07:01 [notice] 1#1: start worker process 29
2022/11/01 06:07:01 [notice] 1#1: start worker process 30
2022/11/01 06:07:01 [notice] 1#1: start worker process 31
2022/11/01 06:07:01 [notice] 1#1: start worker process 32
2022/11/01 06:08:39 [notice] 1#1: signal 3 (SIGQUIT) received, shutting down
2022/11/01 06:08:39 [notice] 32#32: gracefully shutting down
2022/11/01 06:08:39 [notice] 32#32: exiting
2022/11/01 06:08:39 [notice] 29#29: gracefully shutting down
2022/11/01 06:08:39 [notice] 29#29: exiting
2022/11/01 06:08:39 [notice] 30#30: gracefully shutting down
2022/11/01 06:08:39 [notice] 30#30: exiting
2022/11/01 06:08:39 [notice] 31#31: gracefully shutting down
2022/11/01 06:08:39 [notice] 32#32: exit
2022/11/01 06:08:39 [notice] 29#29: exit
2022/11/01 06:08:39 [notice] 30#30: exit
2022/11/01 06:08:39 [notice] 1#1: signal 17 (SIGCHLD) received from 29
2022/11/01 06:08:39 [notice] 1#1: worker process 29 exited with code 0
2022/11/01 06:08:39 [notice] 1#1: signal 29 (SIGIO) received
2022/11/01 06:08:39 [notice] 1#1: signal 17 (SIGCHLD) received from 30
2022/11/01 06:08:39 [notice] 1#1: worker process 30 exited with code 0
2022/11/01 06:08:39 [notice] 1#1: worker process 32 exited with code 0
2022/11/01 06:08:39 [notice] 1#1: signal 29 (SIGIO) received
2022/11/01 06:08:59 [notice] 1#1: using the "epoll" event method
2022/11/01 06:08:59 [notice] 1#1: nginx/1.23.2
2022/11/01 06:08:59 [notice] 1#1: built by gcc 10.2.1 20210110 (Debian 10.2.1-6) 
2022/11/01 06:08:59 [notice] 1#1: OS: Linux 5.10.47-linuxkit
2022/11/01 06:08:59 [notice] 1#1: getrlimit(RLIMIT_NOFILE): 1048576:1048576
2022/11/01 06:08:59 [notice] 1#1: start worker processes
2022/11/01 06:08:59 [notice] 1#1: start worker process 28
2022/11/01 06:08:59 [notice] 1#1: start worker process 29
2022/11/01 06:08:59 [notice] 1#1: start worker process 30
2022/11/01 06:08:59 [notice] 1#1: start worker process 31
2022/11/01 06:33:04 [notice] 1#1: signal 3 (SIGQUIT) received, shutting down
2022/11/01 06:33:04 [notice] 28#28: gracefully shutting down
2022/11/01 06:33:04 [notice] 29#29: gracefully shutting down
2022/11/01 06:33:04 [notice] 30#30: gracefully shutting down
2022/11/01 06:33:04 [notice] 30#30: exiting
2022/11/01 06:33:04 [notice] 31#31: gracefully shutting down
2022/11/01 06:33:04 [notice] 31#31: exiting
2022/11/01 06:33:04 [notice] 28#28: exiting
2022/11/01 06:33:04 [notice] 29#29: exiting
2022/11/01 06:33:04 [notice] 30#30: exit
2022/11/01 06:33:04 [notice] 31#31: exit
2022/11/01 06:33:04 [notice] 28#28: exit
2022/11/01 06:33:04 [notice] 29#29: exit
2022/11/01 06:33:04 [notice] 1#1: signal 17 (SIGCHLD) received from 30
2022/11/01 06:33:04 [notice] 1#1: worker process 28 exited with code 0
2022/11/01 06:33:04 [notice] 1#1: worker process 29 exited with code 0
2022/11/01 06:33:04 [notice] 1#1: worker process 30 exited with code 0
2022/11/01 06:33:04 [notice] 1#1: signal 29 (SIGIO) received
2022/11/01 06:33:04 [notice] 1#1: signal 17 (SIGCHLD) received from 31
2022/11/01 06:33:04 [notice] 1#1: worker process 31 exited with code 0
2022/11/01 06:33:04 [notice] 1#1: exit
2022/11/01 06:33:12 [notice] 1#1: using the "epoll" event method
2022/11/01 06:33:12 [notice] 1#1: nginx/1.23.2
2022/11/01 06:33:12 [notice] 1#1: built by gcc 10.2.1 20210110 (Debian 10.2.1-6) 
2022/11/01 06:33:12 [notice] 1#1: OS: Linux 5.10.47-linuxkit
2022/11/01 06:33:12 [notice] 1#1: getrlimit(RLIMIT_NOFILE): 1048576:1048576
2022/11/01 06:33:12 [notice] 1#1: start worker processes
2022/11/01 06:33:12 [notice] 1#1: start worker process 28
2022/11/01 06:33:12 [notice] 1#1: start worker process 29
2022/11/01 06:33:12 [notice] 1#1: start worker process 30
2022/11/01 06:33:12 [notice] 1#1: start worker process 31
2022/11/01 06:34:26 [notice] 1#1: signal 3 (SIGQUIT) received, shutting down
2022/11/01 06:34:26 [notice] 28#28: gracefully shutting down
2022/11/01 06:34:26 [notice] 29#29: gracefully shutting down
2022/11/01 06:34:26 [notice] 30#30: gracefully shutting down
2022/11/01 06:34:26 [notice] 31#31: gracefully shutting down
2022/11/01 06:34:26 [notice] 28#28: exiting
2022/11/01 06:34:26 [notice] 29#29: exiting
2022/11/01 06:34:26 [notice] 30#30: exiting
2022/11/01 06:34:26 [notice] 31#31: exiting
2022/11/01 06:34:26 [notice] 28#28: exit
2022/11/01 06:34:26 [notice] 29#29: exit
2022/11/01 06:34:26 [notice] 30#30: exit
2022/11/01 06:34:26 [notice] 31#31: exit
2022/11/01 06:34:26 [notice] 1#1: signal 17 (SIGCHLD) received from 29
2022/11/01 06:34:26 [notice] 1#1: worker process 29 exited with code 0
2022/11/01 06:34:26 [notice] 1#1: signal 29 (SIGIO) received
2022/11/01 06:34:26 [notice] 1#1: signal 17 (SIGCHLD) received from 31
2022/11/01 06:34:26 [notice] 1#1: worker process 28 exited with code 0
2022/11/01 06:34:26 [notice] 1#1: worker process 30 exited with code 0
2022/11/01 06:34:26 [notice] 1#1: worker process 31 exited with code 0
2022/11/01 06:34:26 [notice] 1#1: exit
2022/11/01 06:34:42 [notice] 1#1: using the "epoll" event method
2022/11/01 06:34:42 [notice] 1#1: nginx/1.23.2
2022/11/01 06:34:42 [notice] 1#1: built by gcc 10.2.1 20210110 (Debian 10.2.1-6) 
2022/11/01 06:34:42 [notice] 1#1: OS: Linux 5.10.47-linuxkit
2022/11/01 06:34:42 [notice] 1#1: getrlimit(RLIMIT_NOFILE): 1048576:1048576
2022/11/01 06:34:42 [notice] 1#1: start worker processes
2022/11/01 06:34:42 [notice] 1#1: start worker process 28
2022/11/01 06:34:42 [notice] 1#1: start worker process 29
2022/11/01 06:34:42 [notice] 1#1: start worker process 30
2022/11/01 06:34:42 [notice] 1#1: start worker process 31
2022/11/01 06:37:50 [notice] 1#1: signal 3 (SIGQUIT) received, shutting down
2022/11/01 06:37:50 [notice] 28#28: gracefully shutting down
2022/11/01 06:37:50 [notice] 29#29: gracefully shutting down
2022/11/01 06:37:50 [notice] 30#30: gracefully shutting down
2022/11/01 06:37:50 [notice] 31#31: gracefully shutting down
2022/11/01 06:37:50 [notice] 28#28: exiting
2022/11/01 06:37:50 [notice] 28#28: exit
2022/11/01 06:37:50 [notice] 29#29: exiting
2022/11/01 06:37:50 [notice] 30#30: exiting
2022/11/01 06:37:50 [notice] 31#31: exiting
2022/11/01 06:37:50 [notice] 29#29: exit
2022/11/01 06:37:50 [notice] 30#30: exit
2022/11/01 06:37:50 [notice] 31#31: exit
2022/11/01 06:37:50 [notice] 1#1: signal 17 (SIGCHLD) received from 28
2022/11/01 06:37:50 [notice] 1#1: worker process 28 exited with code 0
2022/11/01 06:37:50 [notice] 1#1: signal 29 (SIGIO) received
2022/11/01 06:37:50 [notice] 1#1: signal 17 (SIGCHLD) received from 29
2022/11/01 06:37:50 [notice] 1#1: worker process 29 exited with code 0
2022/11/01 06:37:50 [notice] 1#1: signal 29 (SIGIO) received
2022/11/01 06:37:50 [notice] 1#1: signal 17 (SIGCHLD) received from 30
2022/11/01 06:37:50 [notice] 1#1: worker process 30 exited with code 0
2022/11/01 06:37:50 [notice] 1#1: worker process 31 exited with code 0
2022/11/01 06:37:50 [notice] 1#1: exit
2022/11/01 06:37:57 [notice] 1#1: using the "epoll" event method
2022/11/01 06:37:57 [notice] 1#1: nginx/1.23.2
2022/11/01 06:37:57 [notice] 1#1: built by gcc 10.2.1 20210110 (Debian 10.2.1-6) 
2022/11/01 06:37:57 [notice] 1#1: OS: Linux 5.10.47-linuxkit
2022/11/01 06:37:57 [notice] 1#1: getrlimit(RLIMIT_NOFILE): 1048576:1048576
2022/11/01 06:37:57 [notice] 1#1: start worker processes
2022/11/01 06:37:57 [notice] 1#1: start worker process 28
2022/11/01 06:37:57 [notice] 1#1: start worker process 29
2022/11/01 06:37:57 [notice] 1#1: start worker process 30
2022/11/01 06:37:57 [notice] 1#1: start worker process 31
2022/11/01 06:59:38 [notice] 1#1: signal 3 (SIGQUIT) received, shutting down
2022/11/01 06:59:38 [notice] 28#28: gracefully shutting down
2022/11/01 06:59:38 [notice] 29#29: gracefully shutting down
2022/11/01 06:59:38 [notice] 31#31: gracefully shutting down
2022/11/01 06:59:38 [notice] 30#30: gracefully shutting down
2022/11/01 06:59:38 [notice] 28#28: exiting
2022/11/01 06:59:38 [notice] 29#29: exiting
2022/11/01 06:59:38 [notice] 31#31: exiting
2022/11/01 06:59:38 [notice] 30#30: exiting
2022/11/01 06:59:38 [notice] 28#28: exit
2022/11/01 06:59:38 [notice] 29#29: exit
2022/11/01 06:59:38 [notice] 31#31: exit
2022/11/01 06:59:38 [notice] 30#30: exit
2022/11/01 06:59:38 [notice] 1#1: signal 17 (SIGCHLD) received from 28
2022/11/01 06:59:38 [notice] 1#1: worker process 28 exited with code 0
2022/11/01 06:59:38 [notice] 1#1: signal 29 (SIGIO) received
2022/11/01 06:59:38 [notice] 1#1: signal 17 (SIGCHLD) received from 29
2022/11/01 06:59:38 [notice] 1#1: worker process 29 exited with code 0
2022/11/01 06:59:38 [notice] 1#1: worker process 30 exited with code 0
2022/11/01 06:59:38 [notice] 1#1: worker process 31 exited with code 0
2022/11/01 06:59:38 [notice] 1#1: exit
2022/11/01 06:59:40 [notice] 1#1: using the "epoll" event method
2022/11/01 06:59:40 [notice] 1#1: nginx/1.23.2
2022/11/01 06:59:40 [notice] 1#1: built by gcc 10.2.1 20210110 (Debian 10.2.1-6) 
2022/11/01 06:59:40 [notice] 1#1: OS: Linux 5.10.47-linuxkit
2022/11/01 06:59:40 [notice] 1#1: getrlimit(RLIMIT_NOFILE): 1048576:1048576
2022/11/01 06:59:40 [notice] 1#1: start worker processes
2022/11/01 06:59:40 [notice] 1#1: start worker process 30
2022/11/01 06:59:40 [notice] 1#1: start worker process 31
2022/11/01 06:59:40 [notice] 1#1: start worker process 32
2022/11/01 06:59:40 [notice] 1#1: start worker process 33
2022/11/01 08:04:41 [notice] 1#1: signal 3 (SIGQUIT) received, shutting down
2022/11/01 08:04:41 [notice] 31#31: gracefully shutting down
2022/11/01 08:04:41 [notice] 32#32: gracefully shutting down
2022/11/01 08:04:41 [notice] 32#32: exiting
2022/11/01 08:04:41 [notice] 30#30: gracefully shutting down
2022/11/01 08:04:41 [notice] 30#30: exiting
2022/11/01 08:04:41 [notice] 33#33: gracefully shutting down
2022/11/01 08:04:41 [notice] 31#31: exiting
2022/11/01 08:04:41 [notice] 32#32: exit
2022/11/01 08:04:41 [notice] 30#30: exit
2022/11/01 08:04:41 [notice] 33#33: exiting
2022/11/01 08:04:41 [notice] 31#31: exit
2022/11/01 08:04:41 [notice] 33#33: exit
2022/11/01 08:04:41 [notice] 1#1: signal 17 (SIGCHLD) received from 30
2022/11/01 08:04:41 [notice] 1#1: worker process 30 exited with code 0
2022/11/01 08:04:41 [notice] 1#1: worker process 33 exited with code 0
2022/11/01 08:04:41 [notice] 1#1: signal 29 (SIGIO) received
2022/11/01 08:04:41 [notice] 1#1: signal 17 (SIGCHLD) received from 33
2022/11/01 08:04:41 [notice] 1#1: signal 17 (SIGCHLD) received from 32
2022/11/01 08:04:41 [notice] 1#1: worker process 31 exited with code 0
2022/11/01 08:04:41 [notice] 1#1: worker process 32 exited with code 0
2022/11/01 08:04:41 [notice] 1#1: exit
2022/11/01 08:05:14 [notice] 1#1: using the "epoll" event method
2022/11/01 08:05:14 [notice] 1#1: nginx/1.23.2
2022/11/01 08:05:14 [notice] 1#1: built by gcc 10.2.1 20210110 (Debian 10.2.1-6) 
2022/11/01 08:05:14 [notice] 1#1: OS: Linux 5.10.47-linuxkit
2022/11/01 08:05:14 [notice] 1#1: getrlimit(RLIMIT_NOFILE): 1048576:1048576
2022/11/01 08:05:14 [notice] 1#1: start worker processes
2022/11/01 08:05:14 [notice] 1#1: start worker process 29
2022/11/01 08:05:14 [notice] 1#1: start worker process 30
2022/11/01 08:05:14 [notice] 1#1: start worker process 31
2022/11/01 08:05:14 [notice] 1#1: start worker process 32
2022/11/01 08:15:12 [notice] 1#1: signal 3 (SIGQUIT) received, shutting down
2022/11/01 08:15:12 [notice] 30#30: gracefully shutting down
2022/11/01 08:15:12 [notice] 30#30: exiting
2022/11/01 08:15:12 [notice] 29#29: gracefully shutting down
2022/11/01 08:15:12 [notice] 29#29: exiting
2022/11/01 08:15:12 [notice] 31#31: gracefully shutting down
2022/11/01 08:15:12 [notice] 31#31: exiting
2022/11/01 08:15:12 [notice] 32#32: gracefully shutting down
2022/11/01 08:15:12 [notice] 32#32: exiting
2022/11/01 08:15:12 [notice] 30#30: exit
2022/11/01 08:15:12 [notice] 29#29: exit
2022/11/01 08:15:12 [notice] 31#31: exit
2022/11/01 08:15:12 [notice] 32#32: exit
2022/11/01 08:15:12 [notice] 1#1: signal 17 (SIGCHLD) received from 30
2022/11/01 08:15:12 [notice] 1#1: worker process 30 exited with code 0
2022/11/01 08:15:12 [notice] 1#1: signal 29 (SIGIO) received
2022/11/01 08:15:12 [notice] 1#1: signal 17 (SIGCHLD) received from 29
2022/11/01 08:15:12 [notice] 1#1: worker process 29 exited with code 0
2022/11/01 08:15:12 [notice] 1#1: signal 29 (SIGIO) received
2022/11/01 08:15:12 [notice] 1#1: signal 17 (SIGCHLD) received from 31
2022/11/01 08:15:12 [notice] 1#1: worker process 31 exited with code 0
2022/11/01 08:15:12 [notice] 1#1: signal 29 (SIGIO) received
2022/11/01 08:15:12 [notice] 1#1: signal 17 (SIGCHLD) received from 32
2022/11/01 08:15:12 [notice] 1#1: worker process 32 exited with code 0
2022/11/01 08:15:12 [notice] 1#1: exit
2022/11/01 08:15:20 [notice] 1#1: using the "epoll" event method
2022/11/01 08:15:20 [notice] 1#1: nginx/1.23.2
2022/11/01 08:15:20 [notice] 1#1: built by gcc 10.2.1 20210110 (Debian 10.2.1-6) 
2022/11/01 08:15:20 [notice] 1#1: OS: Linux 5.10.47-linuxkit
2022/11/01 08:15:20 [notice] 1#1: getrlimit(RLIMIT_NOFILE): 1048576:1048576
2022/11/01 08:15:20 [notice] 1#1: start worker processes
2022/11/01 08:15:20 [notice] 1#1: start worker process 30
2022/11/01 08:15:20 [notice] 1#1: start worker process 31
2022/11/01 08:15:20 [notice] 1#1: start worker process 32
2022/11/01 08:15:20 [notice] 1#1: start worker process 33
2022/11/01 08:16:33 [error] 30#30: *1 connect() to unix:/var/run/php-fpm.sock failed (111: Connection refused) while connecting to upstream, client: 192.168.144.1, server: localhost, request: "GET / HTTP/1.1", upstream: "fastcgi://unix:/var/run/php-fpm.sock:", host: "localhost:8070"
2022/11/01 08:16:38 [error] 30#30: *1 connect() to unix:/var/run/php-fpm.sock failed (111: Connection refused) while connecting to upstream, client: 192.168.144.1, server: localhost, request: "GET / HTTP/1.1", upstream: "fastcgi://unix:/var/run/php-fpm.sock:", host: "localhost:8070"
2022/11/01 08:16:39 [error] 30#30: *1 connect() to unix:/var/run/php-fpm.sock failed (111: Connection refused) while connecting to upstream, client: 192.168.144.1, server: localhost, request: "GET / HTTP/1.1", upstream: "fastcgi://unix:/var/run/php-fpm.sock:", host: "localhost:8070"
2022/11/01 08:19:58 [notice] 1#1: signal 3 (SIGQUIT) received, shutting down
2022/11/01 08:19:58 [notice] 30#30: gracefully shutting down
2022/11/01 08:19:58 [notice] 30#30: exiting
2022/11/01 08:19:58 [notice] 33#33: gracefully shutting down
2022/11/01 08:19:58 [notice] 33#33: exiting
2022/11/01 08:19:58 [notice] 31#31: gracefully shutting down
2022/11/01 08:19:58 [notice] 31#31: exiting
2022/11/01 08:19:58 [notice] 32#32: gracefully shutting down
2022/11/01 08:19:58 [notice] 32#32: exiting
2022/11/01 08:19:58 [notice] 30#30: exit
2022/11/01 08:19:58 [notice] 33#33: exit
2022/11/01 08:19:58 [notice] 31#31: exit
2022/11/01 08:19:58 [notice] 32#32: exit
2022/11/01 08:19:58 [notice] 1#1: signal 17 (SIGCHLD) received from 30
2022/11/01 08:19:58 [notice] 1#1: worker process 30 exited with code 0
2022/11/01 08:19:58 [notice] 1#1: signal 29 (SIGIO) received
2022/11/01 08:19:58 [notice] 1#1: signal 17 (SIGCHLD) received from 31
2022/11/01 08:19:58 [notice] 1#1: worker process 31 exited with code 0
2022/11/01 08:19:58 [notice] 1#1: signal 29 (SIGIO) received
2022/11/01 08:19:58 [notice] 1#1: signal 17 (SIGCHLD) received from 32
2022/11/01 08:19:58 [notice] 1#1: worker process 32 exited with code 0
2022/11/01 08:19:58 [notice] 1#1: worker process 33 exited with code 0
2022/11/01 08:19:58 [notice] 1#1: exit
2022/11/01 08:20:06 [notice] 1#1: using the "epoll" event method
2022/11/01 08:20:06 [notice] 1#1: nginx/1.23.2
2022/11/01 08:20:06 [notice] 1#1: built by gcc 10.2.1 20210110 (Debian 10.2.1-6) 
2022/11/01 08:20:06 [notice] 1#1: OS: Linux 5.10.47-linuxkit
2022/11/01 08:20:06 [notice] 1#1: getrlimit(RLIMIT_NOFILE): 1048576:1048576
2022/11/01 08:20:06 [notice] 1#1: start worker processes
2022/11/01 08:20:06 [notice] 1#1: start worker process 29
2022/11/01 08:20:06 [notice] 1#1: start worker process 30
2022/11/01 08:20:06 [notice] 1#1: start worker process 31
2022/11/01 08:20:06 [notice] 1#1: start worker process 32
2022/11/01 08:20:40 [error] 29#29: *2 connect() to unix:/var/run/php-fpm.sock failed (111: Connection refused) while connecting to upstream, client: 192.168.160.1, server: localhost, request: "GET / HTTP/1.1", upstream: "fastcgi://unix:/var/run/php-fpm.sock:", host: "localhost:8070"
2022/11/01 08:25:45 [notice] 1#1: signal 3 (SIGQUIT) received, shutting down
2022/11/01 08:25:45 [notice] 32#32: gracefully shutting down
2022/11/01 08:25:45 [notice] 32#32: exiting
2022/11/01 08:25:45 [notice] 30#30: gracefully shutting down
2022/11/01 08:25:45 [notice] 30#30: exiting
2022/11/01 08:25:45 [notice] 29#29: gracefully shutting down
2022/11/01 08:25:45 [notice] 29#29: exiting
2022/11/01 08:25:45 [notice] 31#31: gracefully shutting down
2022/11/01 08:25:45 [notice] 31#31: exiting
2022/11/01 08:25:45 [notice] 32#32: exit
2022/11/01 08:25:45 [notice] 30#30: exit
2022/11/01 08:25:45 [notice] 29#29: exit
2022/11/01 08:25:45 [notice] 31#31: exit
2022/11/01 08:25:45 [notice] 1#1: signal 17 (SIGCHLD) received from 30
2022/11/01 08:25:45 [notice] 1#1: worker process 30 exited with code 0
2022/11/01 08:25:45 [notice] 1#1: worker process 32 exited with code 0
2022/11/01 08:25:45 [notice] 1#1: signal 29 (SIGIO) received
2022/11/01 08:25:45 [notice] 1#1: signal 17 (SIGCHLD) received from 29
2022/11/01 08:25:45 [notice] 1#1: worker process 29 exited with code 0
2022/11/01 08:25:45 [notice] 1#1: signal 29 (SIGIO) received
2022/11/01 08:25:45 [notice] 1#1: signal 17 (SIGCHLD) received from 31
2022/11/01 08:25:45 [notice] 1#1: worker process 31 exited with code 0
2022/11/01 08:25:45 [notice] 1#1: exit
2022/11/01 08:26:13 [notice] 1#1: using the "epoll" event method
2022/11/01 08:26:13 [notice] 1#1: nginx/1.23.2
2022/11/01 08:26:13 [notice] 1#1: built by gcc 10.2.1 20210110 (Debian 10.2.1-6) 
2022/11/01 08:26:13 [notice] 1#1: OS: Linux 5.10.47-linuxkit
2022/11/01 08:26:13 [notice] 1#1: getrlimit(RLIMIT_NOFILE): 1048576:1048576
2022/11/01 08:26:13 [notice] 1#1: start worker processes
2022/11/01 08:26:13 [notice] 1#1: start worker process 29
2022/11/01 08:26:13 [notice] 1#1: start worker process 30
2022/11/01 08:26:13 [notice] 1#1: start worker process 31
2022/11/01 08:26:13 [notice] 1#1: start worker process 32
2022/11/01 08:27:58 [error] 29#29: *1 connect() to unix:/var/run/php-fpm.sock failed (111: Connection refused) while connecting to upstream, client: 192.168.176.1, server: localhost, request: "GET / HTTP/1.1", upstream: "fastcgi://unix:/var/run/php-fpm.sock:", host: "localhost:8090"
2022/11/01 08:37:19 [notice] 1#1: signal 3 (SIGQUIT) received, shutting down
2022/11/01 08:37:19 [notice] 30#30: gracefully shutting down
2022/11/01 08:37:19 [notice] 31#31: gracefully shutting down
2022/11/01 08:37:19 [notice] 31#31: exiting
2022/11/01 08:37:19 [notice] 29#29: gracefully shutting down
2022/11/01 08:37:19 [notice] 32#32: gracefully shutting down
2022/11/01 08:37:19 [notice] 30#30: exiting
2022/11/01 08:37:19 [notice] 31#31: exit
2022/11/01 08:37:19 [notice] 29#29: exiting
2022/11/01 08:37:19 [notice] 29#29: exit
2022/11/01 08:37:19 [notice] 32#32: exiting
2022/11/01 08:37:19 [notice] 30#30: exit
2022/11/01 08:37:19 [notice] 32#32: exit
2022/11/01 08:37:19 [notice] 1#1: signal 17 (SIGCHLD) received from 31
2022/11/01 08:37:19 [notice] 1#1: worker process 31 exited with code 0
2022/11/01 08:37:19 [notice] 1#1: signal 29 (SIGIO) received
2022/11/01 08:37:19 [notice] 1#1: signal 17 (SIGCHLD) received from 29
2022/11/01 08:37:19 [notice] 1#1: worker process 29 exited with code 0
2022/11/01 08:37:19 [notice] 1#1: signal 29 (SIGIO) received
2022/11/01 08:37:19 [notice] 1#1: signal 17 (SIGCHLD) received from 30
2022/11/01 08:37:19 [notice] 1#1: worker process 30 exited with code 0
2022/11/01 08:37:19 [notice] 1#1: signal 29 (SIGIO) received
2022/11/01 08:37:19 [notice] 1#1: signal 17 (SIGCHLD) received from 32
2022/11/01 08:37:19 [notice] 1#1: worker process 32 exited with code 0
2022/11/01 08:37:19 [notice] 1#1: exit
2022/11/01 08:37:27 [notice] 1#1: using the "epoll" event method
2022/11/01 08:37:27 [notice] 1#1: nginx/1.23.2
2022/11/01 08:37:27 [notice] 1#1: built by gcc 10.2.1 20210110 (Debian 10.2.1-6) 
2022/11/01 08:37:27 [notice] 1#1: OS: Linux 5.10.47-linuxkit
2022/11/01 08:37:27 [notice] 1#1: getrlimit(RLIMIT_NOFILE): 1048576:1048576
2022/11/01 08:37:27 [notice] 1#1: start worker processes
2022/11/01 08:37:27 [notice] 1#1: start worker process 29
2022/11/01 08:37:27 [notice] 1#1: start worker process 30
2022/11/01 08:37:27 [notice] 1#1: start worker process 31
2022/11/01 08:37:27 [notice] 1#1: start worker process 32
2022/11/01 08:37:52 [error] 29#29: *1 connect() to unix:/var/run/php-fpm.sock failed (111: Connection refused) while connecting to upstream, client: 192.168.192.1, server: localhost, request: "GET / HTTP/1.1", upstream: "fastcgi://unix:/var/run/php-fpm.sock:", host: "localhost:8090"
2022/11/01 08:59:19 [notice] 1#1: signal 3 (SIGQUIT) received, shutting down
2022/11/01 08:59:19 [notice] 30#30: gracefully shutting down
2022/11/01 08:59:19 [notice] 31#31: gracefully shutting down
2022/11/01 08:59:19 [notice] 31#31: exiting
2022/11/01 08:59:19 [notice] 29#29: gracefully shutting down
2022/11/01 08:59:19 [notice] 32#32: gracefully shutting down
2022/11/01 08:59:19 [notice] 30#30: exiting
2022/11/01 08:59:19 [notice] 31#31: exit
2022/11/01 08:59:19 [notice] 29#29: exiting
2022/11/01 08:59:19 [notice] 32#32: exiting
2022/11/01 08:59:19 [notice] 32#32: exit
2022/11/01 08:59:19 [notice] 30#30: exit
2022/11/01 08:59:19 [notice] 29#29: exit
2022/11/01 08:59:19 [notice] 1#1: signal 17 (SIGCHLD) received from 31
2022/11/01 08:59:19 [notice] 1#1: worker process 31 exited with code 0
2022/11/01 08:59:19 [notice] 1#1: signal 29 (SIGIO) received
2022/11/01 08:59:19 [notice] 1#1: signal 17 (SIGCHLD) received from 30
2022/11/01 08:59:19 [notice] 1#1: worker process 30 exited with code 0
2022/11/01 08:59:19 [notice] 1#1: signal 29 (SIGIO) received
2022/11/01 08:59:19 [notice] 1#1: signal 17 (SIGCHLD) received from 32
2022/11/01 08:59:19 [notice] 1#1: worker process 32 exited with code 0
2022/11/01 08:59:19 [notice] 1#1: signal 29 (SIGIO) received
2022/11/01 08:59:19 [notice] 1#1: signal 17 (SIGCHLD) received from 29
2022/11/01 08:59:19 [notice] 1#1: worker process 29 exited with code 0
2022/11/01 08:59:19 [notice] 1#1: exit
2022/11/01 10:32:40 [notice] 1#1: using the "epoll" event method
2022/11/01 10:32:40 [notice] 1#1: nginx/1.23.2
2022/11/01 10:32:40 [notice] 1#1: built by gcc 10.2.1 20210110 (Debian 10.2.1-6) 
2022/11/01 10:32:40 [notice] 1#1: OS: Linux 5.10.47-linuxkit
2022/11/01 10:32:40 [notice] 1#1: getrlimit(RLIMIT_NOFILE): 1048576:1048576
2022/11/01 10:32:40 [notice] 1#1: start worker processes
2022/11/01 10:32:40 [notice] 1#1: start worker process 29
2022/11/01 10:32:40 [notice] 1#1: start worker process 30
2022/11/01 10:32:40 [notice] 1#1: start worker process 31
2022/11/01 10:32:40 [notice] 1#1: start worker process 32
2022/11/01 10:41:59 [notice] 1#1: signal 3 (SIGQUIT) received, shutting down
2022/11/01 10:41:59 [notice] 29#29: gracefully shutting down
2022/11/01 10:41:59 [notice] 31#31: gracefully shutting down
2022/11/01 10:41:59 [notice] 30#30: gracefully shutting down
2022/11/01 10:41:59 [notice] 30#30: exiting
2022/11/01 10:41:59 [notice] 32#32: gracefully shutting down
2022/11/01 10:41:59 [notice] 32#32: exiting
2022/11/01 10:41:59 [notice] 29#29: exiting
2022/11/01 10:41:59 [notice] 31#31: exiting
2022/11/01 10:41:59 [notice] 30#30: exit
2022/11/01 10:41:59 [notice] 32#32: exit
2022/11/01 10:41:59 [notice] 29#29: exit
2022/11/01 10:41:59 [notice] 31#31: exit
2022/11/01 10:41:59 [notice] 1#1: signal 17 (SIGCHLD) received from 29
2022/11/01 10:41:59 [notice] 1#1: worker process 29 exited with code 0
2022/11/01 10:41:59 [notice] 1#1: signal 29 (SIGIO) received
2022/11/01 10:41:59 [notice] 1#1: signal 17 (SIGCHLD) received from 30
2022/11/01 10:41:59 [notice] 1#1: worker process 30 exited with code 0
2022/11/01 10:41:59 [notice] 1#1: worker process 31 exited with code 0
2022/11/01 10:41:59 [notice] 1#1: worker process 32 exited with code 0
2022/11/01 10:41:59 [notice] 1#1: exit
2022/11/01 10:42:10 [notice] 1#1: using the "epoll" event method
2022/11/01 10:42:10 [notice] 1#1: nginx/1.23.2
2022/11/01 10:42:10 [notice] 1#1: built by gcc 10.2.1 20210110 (Debian 10.2.1-6) 
2022/11/01 10:42:10 [notice] 1#1: OS: Linux 5.10.47-linuxkit
2022/11/01 10:42:10 [notice] 1#1: getrlimit(RLIMIT_NOFILE): 1048576:1048576
2022/11/01 10:42:10 [notice] 1#1: start worker processes
2022/11/01 10:42:10 [notice] 1#1: start worker process 28
2022/11/01 10:42:10 [notice] 1#1: start worker process 29
2022/11/01 10:42:10 [notice] 1#1: start worker process 30
2022/11/01 10:42:10 [notice] 1#1: start worker process 31
2022/11/01 10:42:30 [error] 28#28: *1 connect() failed (113: No route to host) while connecting to upstream, client: 192.168.224.1, server: localhost, request: "GET / HTTP/1.1", upstream: "fastcgi://192.168.224.3:9000", host: "localhost:8090"
2022/11/01 10:42:46 [error] 28#28: *1 connect() failed (113: No route to host) while connecting to upstream, client: 192.168.224.1, server: localhost, request: "GET / HTTP/1.1", upstream: "fastcgi://192.168.224.3:9000", host: "localhost:8090"
2022/11/01 10:42:57 [notice] 1#1: signal 3 (SIGQUIT) received, shutting down
2022/11/01 10:42:57 [notice] 28#28: gracefully shutting down
2022/11/01 10:42:57 [notice] 29#29: gracefully shutting down
2022/11/01 10:42:57 [notice] 29#29: exiting
2022/11/01 10:42:57 [notice] 31#31: gracefully shutting down
2022/11/01 10:42:57 [notice] 30#30: gracefully shutting down
2022/11/01 10:42:57 [notice] 29#29: exit
2022/11/01 10:42:57 [notice] 31#31: exiting
2022/11/01 10:42:57 [notice] 30#30: exiting
2022/11/01 10:42:57 [notice] 31#31: exit
2022/11/01 10:42:57 [notice] 30#30: exit
2022/11/01 10:42:57 [notice] 1#1: signal 17 (SIGCHLD) received from 30
2022/11/01 10:42:57 [notice] 1#1: worker process 29 exited with code 0
2022/11/01 10:42:57 [notice] 1#1: worker process 30 exited with code 0
2022/11/01 10:42:57 [notice] 1#1: signal 29 (SIGIO) received
2022/11/01 10:42:57 [notice] 1#1: signal 17 (SIGCHLD) received from 31
2022/11/01 10:42:57 [notice] 1#1: worker process 31 exited with code 0
2022/11/01 10:42:57 [notice] 1#1: signal 29 (SIGIO) received
2022/11/01 10:43:23 [notice] 1#1: using the "epoll" event method
2022/11/01 10:43:23 [notice] 1#1: nginx/1.23.2
2022/11/01 10:43:23 [notice] 1#1: built by gcc 10.2.1 20210110 (Debian 10.2.1-6) 
2022/11/01 10:43:23 [notice] 1#1: OS: Linux 5.10.47-linuxkit
2022/11/01 10:43:23 [notice] 1#1: getrlimit(RLIMIT_NOFILE): 1048576:1048576
2022/11/01 10:43:23 [notice] 1#1: start worker processes
2022/11/01 10:43:23 [notice] 1#1: start worker process 30
2022/11/01 10:43:23 [notice] 1#1: start worker process 31
2022/11/01 10:43:23 [notice] 1#1: start worker process 32
2022/11/01 10:43:23 [notice] 1#1: start worker process 33
2022/11/01 10:44:35 [notice] 1#1: signal 3 (SIGQUIT) received, shutting down
2022/11/01 10:44:35 [notice] 30#30: gracefully shutting down
2022/11/01 10:44:35 [notice] 30#30: exiting
2022/11/01 10:44:35 [notice] 31#31: gracefully shutting down
2022/11/01 10:44:35 [notice] 32#32: gracefully shutting down
2022/11/01 10:44:35 [notice] 32#32: exiting
2022/11/01 10:44:35 [notice] 33#33: gracefully shutting down
2022/11/01 10:44:35 [notice] 30#30: exit
2022/11/01 10:44:35 [notice] 31#31: exiting
2022/11/01 10:44:35 [notice] 32#32: exit
2022/11/01 10:44:35 [notice] 33#33: exiting
2022/11/01 10:44:35 [notice] 31#31: exit
2022/11/01 10:44:35 [notice] 33#33: exit
2022/11/01 10:44:35 [notice] 1#1: signal 17 (SIGCHLD) received from 30
2022/11/01 10:44:35 [notice] 1#1: worker process 30 exited with code 0
2022/11/01 10:44:35 [notice] 1#1: signal 29 (SIGIO) received
2022/11/01 10:44:35 [notice] 1#1: signal 17 (SIGCHLD) received from 32
2022/11/01 10:44:35 [notice] 1#1: worker process 32 exited with code 0
2022/11/01 10:44:35 [notice] 1#1: signal 29 (SIGIO) received
2022/11/01 10:44:35 [notice] 1#1: signal 17 (SIGCHLD) received from 33
2022/11/01 10:44:35 [notice] 1#1: worker process 33 exited with code 0
2022/11/01 10:44:35 [notice] 1#1: signal 29 (SIGIO) received
2022/11/01 10:44:35 [notice] 1#1: signal 17 (SIGCHLD) received from 31
2022/11/01 10:44:35 [notice] 1#1: worker process 31 exited with code 0
2022/11/01 10:44:35 [notice] 1#1: exit
2022/11/01 10:45:12 [notice] 1#1: using the "epoll" event method
2022/11/01 10:45:12 [notice] 1#1: nginx/1.23.2
2022/11/01 10:45:12 [notice] 1#1: built by gcc 10.2.1 20210110 (Debian 10.2.1-6) 
2022/11/01 10:45:12 [notice] 1#1: OS: Linux 5.10.47-linuxkit
2022/11/01 10:45:12 [notice] 1#1: getrlimit(RLIMIT_NOFILE): 1048576:1048576
2022/11/01 10:45:12 [notice] 1#1: start worker processes
2022/11/01 10:45:12 [notice] 1#1: start worker process 29
2022/11/01 10:45:12 [notice] 1#1: start worker process 30
2022/11/01 10:45:12 [notice] 1#1: start worker process 31
2022/11/01 10:45:12 [notice] 1#1: start worker process 32
2022/11/01 10:46:02 [notice] 1#1: signal 3 (SIGQUIT) received, shutting down
2022/11/01 10:46:02 [notice] 29#29: gracefully shutting down
2022/11/01 10:46:02 [notice] 29#29: exiting
2022/11/01 10:46:02 [notice] 30#30: gracefully shutting down
2022/11/01 10:46:02 [notice] 30#30: exiting
2022/11/01 10:46:02 [notice] 31#31: gracefully shutting down
2022/11/01 10:46:02 [notice] 31#31: exiting
2022/11/01 10:46:02 [notice] 32#32: gracefully shutting down
2022/11/01 10:46:02 [notice] 32#32: exiting
2022/11/01 10:46:02 [notice] 29#29: exit
2022/11/01 10:46:02 [notice] 30#30: exit
2022/11/01 10:46:02 [notice] 31#31: exit
2022/11/01 10:46:02 [notice] 32#32: exit
2022/11/01 10:46:02 [notice] 1#1: signal 17 (SIGCHLD) received from 30
2022/11/01 10:46:02 [notice] 1#1: worker process 29 exited with code 0
2022/11/01 10:46:02 [notice] 1#1: worker process 30 exited with code 0
2022/11/01 10:46:02 [notice] 1#1: signal 29 (SIGIO) received
2022/11/01 10:46:02 [notice] 1#1: signal 17 (SIGCHLD) received from 31
2022/11/01 10:46:02 [notice] 1#1: worker process 31 exited with code 0
2022/11/01 10:46:02 [notice] 1#1: worker process 32 exited with code 0
2022/11/01 10:46:02 [notice] 1#1: exit
2022/11/01 10:46:13 [notice] 1#1: using the "epoll" event method
2022/11/01 10:46:13 [notice] 1#1: nginx/1.23.2
2022/11/01 10:46:13 [notice] 1#1: built by gcc 10.2.1 20210110 (Debian 10.2.1-6) 
2022/11/01 10:46:13 [notice] 1#1: OS: Linux 5.10.47-linuxkit
2022/11/01 10:46:13 [notice] 1#1: getrlimit(RLIMIT_NOFILE): 1048576:1048576
2022/11/01 10:46:13 [notice] 1#1: start worker processes
2022/11/01 10:46:13 [notice] 1#1: start worker process 30
2022/11/01 10:46:13 [notice] 1#1: start worker process 31
2022/11/01 10:46:13 [notice] 1#1: start worker process 32
2022/11/01 10:46:13 [notice] 1#1: start worker process 33
2022/11/02 00:14:56 [notice] 1#1: signal 3 (SIGQUIT) received, shutting down
2022/11/02 00:14:56 [notice] 33#33: gracefully shutting down
2022/11/02 00:14:56 [notice] 30#30: gracefully shutting down
2022/11/02 00:14:56 [notice] 32#32: gracefully shutting down
2022/11/02 00:14:56 [notice] 31#31: gracefully shutting down
2022/11/02 00:14:56 [notice] 30#30: exiting
2022/11/02 00:14:56 [notice] 32#32: exiting
2022/11/02 00:14:56 [notice] 31#31: exiting
2022/11/02 00:14:56 [notice] 33#33: exiting
2022/11/02 00:14:56 [notice] 32#32: exit
2022/11/02 00:14:56 [notice] 31#31: exit
2022/11/02 00:14:56 [notice] 33#33: exit
2022/11/02 00:14:56 [notice] 30#30: exit
2022/11/02 00:14:56 [notice] 1#1: signal 17 (SIGCHLD) received from 33
2022/11/02 00:14:56 [notice] 1#1: worker process 30 exited with code 0
2022/11/02 00:14:56 [notice] 1#1: worker process 31 exited with code 0
2022/11/02 00:14:56 [notice] 1#1: worker process 32 exited with code 0
2022/11/02 00:14:56 [notice] 1#1: worker process 33 exited with code 0
2022/11/02 00:14:56 [notice] 1#1: exit
2022/11/02 00:15:32 [notice] 1#1: using the "epoll" event method
2022/11/02 00:15:32 [notice] 1#1: nginx/1.23.2
2022/11/02 00:15:32 [notice] 1#1: built by gcc 10.2.1 20210110 (Debian 10.2.1-6) 
2022/11/02 00:15:32 [notice] 1#1: OS: Linux 5.10.47-linuxkit
2022/11/02 00:15:32 [notice] 1#1: getrlimit(RLIMIT_NOFILE): 1048576:1048576
2022/11/02 00:15:32 [notice] 1#1: start worker processes
2022/11/02 00:15:32 [notice] 1#1: start worker process 28
2022/11/02 00:15:32 [notice] 1#1: start worker process 29
2022/11/02 00:15:32 [notice] 1#1: start worker process 30
2022/11/02 00:15:32 [notice] 1#1: start worker process 31
2022/11/02 00:19:20 [notice] 1#1: signal 3 (SIGQUIT) received, shutting down
2022/11/02 00:19:20 [notice] 28#28: gracefully shutting down
2022/11/02 00:19:20 [notice] 28#28: exiting
2022/11/02 00:19:20 [notice] 30#30: gracefully shutting down
2022/11/02 00:19:20 [notice] 30#30: exiting
2022/11/02 00:19:20 [notice] 31#31: gracefully shutting down
2022/11/02 00:19:20 [notice] 31#31: exiting
2022/11/02 00:19:20 [notice] 29#29: gracefully shutting down
2022/11/02 00:19:20 [notice] 28#28: exit
2022/11/02 00:19:20 [notice] 30#30: exit
2022/11/02 00:19:20 [notice] 31#31: exit
2022/11/02 00:19:20 [notice] 29#29: exiting
2022/11/02 00:19:20 [notice] 29#29: exit
2022/11/02 00:19:20 [notice] 1#1: signal 17 (SIGCHLD) received from 28
2022/11/02 00:19:20 [notice] 1#1: worker process 28 exited with code 0
2022/11/02 00:19:20 [notice] 1#1: signal 29 (SIGIO) received
2022/11/02 00:19:20 [notice] 1#1: signal 17 (SIGCHLD) received from 31
2022/11/02 00:19:20 [notice] 1#1: worker process 30 exited with code 0
2022/11/02 00:19:20 [notice] 1#1: worker process 31 exited with code 0
2022/11/02 00:19:20 [notice] 1#1: signal 29 (SIGIO) received
2022/11/02 00:19:20 [notice] 1#1: signal 17 (SIGCHLD) received from 29
2022/11/02 00:19:20 [notice] 1#1: worker process 29 exited with code 0
2022/11/02 00:19:20 [notice] 1#1: exit
2022/11/02 00:22:29 [notice] 1#1: using the "epoll" event method
2022/11/02 00:22:29 [notice] 1#1: nginx/1.23.2
2022/11/02 00:22:29 [notice] 1#1: built by gcc 10.2.1 20210110 (Debian 10.2.1-6) 
2022/11/02 00:22:29 [notice] 1#1: OS: Linux 5.10.47-linuxkit
2022/11/02 00:22:29 [notice] 1#1: getrlimit(RLIMIT_NOFILE): 1048576:1048576
2022/11/02 00:22:29 [notice] 1#1: start worker processes
2022/11/02 00:22:29 [notice] 1#1: start worker process 29
2022/11/02 00:22:29 [notice] 1#1: start worker process 30
2022/11/02 00:22:29 [notice] 1#1: start worker process 31
2022/11/02 00:22:29 [notice] 1#1: start worker process 32
